2021-04-11 07:18:48.816 - INFO - 4803 - azureml.train.automl._local_managed_utils.is_docker_installed:354 - Docker is installed with Docker version 20.10.5+azure, build 55c4c88966a912ddb365e2d73a4969e700fc458f
.
2021-04-11 07:18:48.819 - INFO - 4803 - azureml.train.automl.automlconfig._start_execution:217 - Submitting remote.
2021-04-11 07:55:15.984 - INFO - 4803 - azureml.train.automl.run._log_activity:55 - ActivityStarted: GetOutput
2021-04-11 07:55:15.997 - INFO - 4803 - azureml.train.automl.run._log_activity:55 - ActivityStarted: GetOutput
2021-04-11 07:55:16.011 - INFO - 4803 - azureml.train.automl.run._log_activity:55 - ActivityStarted: GetChildren
2021-04-11 07:55:16.543 - INFO - 4803 - azureml.train.automl.run._log_activity:93 - ActivityCompleted: Activity=GetChildren, HowEnded=Success, Duration=531.85[ms]
2021-04-11 07:55:16.630 - INFO - 4803 - azureml.train.automl.run._log_activity:93 - ActivityCompleted: Activity=GetOutput, HowEnded=Success, Duration=633.01[ms]
2021-04-11 07:55:16.630 - INFO - 4803 - azureml.train.automl._model_download_utilities._log_activity:55 - ActivityStarted: DownloadModel
2021-04-11 07:55:38.986 - INFO - 4803 - azureml.automl.runtime.featurization.data_transformer.__init__:173 - Feature sweeping enabled: False
2021-04-11 07:55:38.987 - INFO - 4803 - azureml.automl.runtime.featurization.data_transformer.__init__:174 - Feature sweeping timeout: 86400
2021-04-11 07:55:44.443 - INFO - 4803 - azureml.train.automl._model_download_utilities._log_activity:93 - ActivityCompleted: Activity=DownloadModel, HowEnded=Success, Duration=27812.4[ms]
2021-04-11 07:55:44.466 - INFO - 4803 - azureml.train.automl.run._log_activity:93 - ActivityCompleted: Activity=GetOutput, HowEnded=Success, Duration=28482.78[ms]
2021-04-11 09:06:47.622 - INFO - 4803 - azureml.train.automl._local_managed_utils.is_docker_installed:354 - Docker is installed with Docker version 20.10.5+azure, build 55c4c88966a912ddb365e2d73a4969e700fc458f
.
2021-04-11 09:06:47.623 - INFO - 4803 - azureml.train.automl.automlconfig._start_execution:217 - Submitting remote.
2021-04-11 09:35:13.308 - INFO - 4803 - azureml.train.automl.run._log_activity:55 - ActivityStarted: GetOutput
2021-04-11 09:35:13.369 - INFO - 4803 - azureml.train.automl.run._log_activity:55 - ActivityStarted: GetOutput
2021-04-11 09:35:13.387 - INFO - 4803 - azureml.train.automl.run._log_activity:55 - ActivityStarted: GetChildren
2021-04-11 09:35:13.535 - INFO - 4803 - azureml.train.automl.run._log_activity:93 - ActivityCompleted: Activity=GetChildren, HowEnded=Success, Duration=147.94[ms]
2021-04-11 09:35:13.596 - INFO - 4803 - azureml.train.automl.run._log_activity:93 - ActivityCompleted: Activity=GetOutput, HowEnded=Success, Duration=227.03[ms]
2021-04-11 09:35:13.601 - INFO - 4803 - azureml.train.automl._model_download_utilities._log_activity:55 - ActivityStarted: DownloadModel
2021-04-11 09:35:14.277 - INFO - 4803 - azureml.automl.runtime.featurization.data_transformer.__init__:173 - Feature sweeping enabled: False
2021-04-11 09:35:14.300 - INFO - 4803 - azureml.automl.runtime.featurization.data_transformer.__init__:174 - Feature sweeping timeout: 86400
2021-04-11 09:35:14.400 - INFO - 4803 - azureml.train.automl._model_download_utilities._log_activity:93 - ActivityCompleted: Activity=DownloadModel, HowEnded=Success, Duration=799.54[ms]
2021-04-11 09:35:14.405 - INFO - 4803 - azureml.train.automl.run._log_activity:93 - ActivityCompleted: Activity=GetOutput, HowEnded=Success, Duration=1096.97[ms]
